
2023-05-27 11:08:14: cookies is not save
File: C:/Users/vadim/GolandProjects/LinkUp_Update/internal/user_service/register.go
Line: 65


2023-05-27 11:09:19: cookies is not save
File: C:/Users/vadim/GolandProjects/LinkUp_Update/internal/user_service/register.go
Line: 65


2023-05-27 11:10:25: cookies is not save
File: C:/Users/vadim/GolandProjects/LinkUp_Update/internal/user_service/register.go
Line: 65


2023-05-27 11:12:15: cookies is not save
File: C:/Users/vadim/GolandProjects/LinkUp_Update/internal/user_service/register.go
Line: 65


2023-05-28 11:40:10: cookies is nor deletes
File: C:/Users/vadim/GolandProjects/LinkUp_Update/internal/identification/logout.go
Line: 13


2023-05-28 11:40:51: open : The system cannot find the file specified.
File: C:/Users/vadim/GolandProjects/LinkUp_Update/internal/identification/form.go
Line: 20


2023-05-28 11:42:45: cookies is not save
File: C:/Users/vadim/GolandProjects/LinkUp_Update/internal/identification/authorization.go
Line: 55


2023-05-28 11:46:23: cookies is not deletes
File: C:/Users/vadim/GolandProjects/LinkUp_Update/internal/identification/logout.go
Line: 13


2023-05-28 11:53:25: cookies is not save
File: C:/Users/vadim/GolandProjects/LinkUp_Update/internal/identification/authorization.go
Line: 59


2023-05-28 17:42:57: ppp
File: C:/Users/vadim/GolandProjects/LinkUp_Update/internal/identification/error_handler.go
Line: 16


2023-05-28 17:42:57: ppp
File: C:/Users/vadim/GolandProjects/LinkUp_Update/internal/identification/error_handler.go
Line: 16


2023-05-28 17:47:18: ppp
File: C:/Users/vadim/GolandProjects/LinkUp_Update/internal/identification/register.go
Line: 118


2023-05-28 17:48:08: ppp
File: C:/Users/vadim/GolandProjects/LinkUp_Update/internal/identification/register.go
Line: 99


2023-05-28 17:48:08: cookies is not save
File: C:/Users/vadim/GolandProjects/LinkUp_Update/internal/identification/register.go
Line: 69


2023-05-28 17:48:31: ppp
File: C:/Users/vadim/GolandProjects/LinkUp_Update/internal/identification/register.go
Line: 99


2023-05-28 17:48:31: cookies is not save
File: C:/Users/vadim/GolandProjects/LinkUp_Update/internal/identification/register.go
Line: 69


2023-05-28 17:49:23: ppp
File: C:/Users/vadim/GolandProjects/LinkUp_Update/internal/identification/register.go
Line: 100


2023-05-28 17:49:23: cookies is not save
File: C:/Users/vadim/GolandProjects/LinkUp_Update/internal/identification/register.go
Line: 70


2023-05-28 17:54:47: cookies is not save
File: C:/Users/vadim/GolandProjects/LinkUp_Update/internal/identification/register.go
Line: 70


2023-05-28 17:55:22: ppp
File: C:/Users/vadim/GolandProjects/LinkUp_Update/internal/identification/register.go
Line: 100


2023-05-28 17:55:22: cookies is not save
File: C:/Users/vadim/GolandProjects/LinkUp_Update/internal/identification/register.go
Line: 70


2023-05-28 17:55:39: ppp
File: C:/Users/vadim/GolandProjects/LinkUp_Update/internal/identification/register.go
Line: 113


2023-05-28 17:55:39: cookies is not save
File: C:/Users/vadim/GolandProjects/LinkUp_Update/internal/identification/register.go
Line: 70


2023-05-28 17:56:04: ppp
File: C:/Users/vadim/GolandProjects/LinkUp_Update/internal/identification/register.go
Line: 113


2023-05-28 17:56:04: cookies is not save
File: C:/Users/vadim/GolandProjects/LinkUp_Update/internal/identification/register.go
Line: 70


2023-05-28 17:56:05: ppp
File: C:/Users/vadim/GolandProjects/LinkUp_Update/internal/identification/register.go
Line: 113


2023-05-28 17:56:05: cookies is not save
File: C:/Users/vadim/GolandProjects/LinkUp_Update/internal/identification/register.go
Line: 70


2023-05-28 17:56:09: ppp
File: C:/Users/vadim/GolandProjects/LinkUp_Update/internal/identification/register.go
Line: 113


2023-05-28 17:56:09: cookies is not save
File: C:/Users/vadim/GolandProjects/LinkUp_Update/internal/identification/register.go
Line: 70


2023-05-28 17:56:55: ppp
File: C:/Users/vadim/GolandProjects/LinkUp_Update/internal/identification/register.go
Line: 107


2023-05-28 17:58:36: ppp
File: C:/Users/vadim/GolandProjects/LinkUp_Update/internal/identification/register.go
Line: 107


2023-05-28 17:59:00: ppp
File: C:/Users/vadim/GolandProjects/LinkUp_Update/internal/identification/register.go
Line: 26


2023-05-28 17:59:27: ppp
File: C:/Users/vadim/GolandProjects/LinkUp_Update/internal/identification/register.go
Line: 26


2023-05-31 18:36:00: open ./internal/userInformation/html/myData.html: The system cannot find the path specified.
File: C:/Users/vadim/GolandProjects/LinkUp_Update/internal/profile/service/form.go
Line: 10


2023-05-31 18:39:45: invalid character 'e' looking for beginning of value
File: C:/Users/vadim/GolandProjects/LinkUp_Update/internal/profile/edit.go
Line: 19


2023-05-31 18:40:40: invalid character 'e' looking for beginning of value
File: C:/Users/vadim/GolandProjects/LinkUp_Update/internal/profile/edit.go
Line: 19


2023-05-31 18:44:31: invalid character 'e' looking for beginning of value
File: C:/Users/vadim/GolandProjects/LinkUp_Update/internal/profile/edit.go
Line: 19


2023-05-31 18:44:38: invalid character 'e' looking for beginning of value
File: C:/Users/vadim/GolandProjects/LinkUp_Update/internal/profile/edit.go
Line: 19


2023-05-31 18:45:11: invalid character 'e' looking for beginning of value
File: C:/Users/vadim/GolandProjects/LinkUp_Update/internal/profile/edit.go
Line: 19


2023-05-31 18:48:43: invalid character 'e' looking for beginning of value
File: C:/Users/vadim/GolandProjects/LinkUp_Update/internal/profile/edit.go
Line: 19


2023-05-31 18:51:08: invalid character 'e' looking for beginning of value
File: C:/Users/vadim/GolandProjects/LinkUp_Update/internal/profile/edit.go
Line: 19


2023-05-31 18:53:12: invalid character 'e' looking for beginning of value
File: C:/Users/vadim/GolandProjects/LinkUp_Update/internal/profile/edit.go
Line: 19


2023-05-31 18:56:55: invalid character 'e' looking for beginning of value
File: C:/Users/vadim/GolandProjects/LinkUp_Update/internal/profile/edit.go
Line: 19


2023-05-31 19:47:34: read ./internal/friends/html: Incorrect function.
File: C:/Users/vadim/GolandProjects/LinkUp_Update/internal/friends/service/get_friends.go
Line: 76


2023-05-31 20:04:00: open ./internal/controllers/users/search/html/search.html: The system cannot find the path specified.
File: C:/Users/vadim/GolandProjects/LinkUp_Update/internal/search/service/search.go
Line: 100


2023-05-31 20:10:06: cannot convert 409134815 to UUID
File: C:/Users/vadim/GolandProjects/LinkUp_Update/internal/friends/add.go
Line: 19


2023-05-31 20:28:59: template: search.html:98: unexpected "!" in if
File: C:/Users/vadim/GolandProjects/LinkUp_Update/internal/search/service/form.go
Line: 13


2023-05-31 20:29:23: template: search.html:98: unexpected "=" in operand
File: C:/Users/vadim/GolandProjects/LinkUp_Update/internal/search/service/form.go
Line: 13


2023-05-31 20:29:31: template: search.html:98: unexpected "=" in operand
File: C:/Users/vadim/GolandProjects/LinkUp_Update/internal/search/service/form.go
Line: 13


2023-05-31 20:29:38: template: search.html:98: unexpected "=" in operand
File: C:/Users/vadim/GolandProjects/LinkUp_Update/internal/search/service/form.go
Line: 13


2023-05-31 20:29:57: template: search.html:98: unexpected "=" in operand
File: C:/Users/vadim/GolandProjects/LinkUp_Update/internal/search/service/form.go
Line: 13


2023-05-31 20:32:43: template: search.html:98:10: executing "search.html" at <.User>: can't evaluate field User in type []service.search
File: C:/Users/vadim/GolandProjects/LinkUp_Update/internal/search/service/form.go
Line: 25


2023-05-31 20:32:57: template: search.html:98: unexpected "!" in if
File: C:/Users/vadim/GolandProjects/LinkUp_Update/internal/search/service/form.go
Line: 13


2023-05-31 20:33:13: template: search.html:98: unexpected "!" in operand
File: C:/Users/vadim/GolandProjects/LinkUp_Update/internal/search/service/form.go
Line: 13


2023-05-31 20:33:21: template: search.html:98: unexpected "!" in operand
File: C:/Users/vadim/GolandProjects/LinkUp_Update/internal/search/service/form.go
Line: 13


2023-05-31 20:33:37: template: search.html:98: unexpected "=" in operand
File: C:/Users/vadim/GolandProjects/LinkUp_Update/internal/search/service/form.go
Line: 13


2023-05-31 20:34:36: template: search.html:98:10: executing "search.html" at <.User>: can't evaluate field User in type []service.search
File: C:/Users/vadim/GolandProjects/LinkUp_Update/internal/search/service/form.go
Line: 25


2023-05-31 20:34:43: template: search.html:98:10: executing "search.html" at <.User>: can't evaluate field User in type []service.search
File: C:/Users/vadim/GolandProjects/LinkUp_Update/internal/search/service/form.go
Line: 25


2023-05-31 20:35:45: template: search.html:98: unexpected "!" in if
File: C:/Users/vadim/GolandProjects/LinkUp_Update/internal/search/service/form.go
Line: 13


2023-05-31 20:36:35: template: search.html:98: unexpected "!" in operand
File: C:/Users/vadim/GolandProjects/LinkUp_Update/internal/search/service/form.go
Line: 13


2023-05-31 20:36:58: template: search.html:98: unexpected "=" in operand
File: C:/Users/vadim/GolandProjects/LinkUp_Update/internal/search/service/form.go
Line: 13


2023-05-31 20:37:35: template: search.html:98: unexpected "=" in operand
File: C:/Users/vadim/GolandProjects/LinkUp_Update/internal/search/service/form.go
Line: 13


2023-05-31 20:37:37: template: search.html:98: unexpected "=" in operand
File: C:/Users/vadim/GolandProjects/LinkUp_Update/internal/search/service/form.go
Line: 13


2023-05-31 20:37:45: template: search.html:98: unexpected "=" in operand
File: C:/Users/vadim/GolandProjects/LinkUp_Update/internal/search/service/form.go
Line: 13


2023-05-31 20:37:47: template: search.html:98: unexpected "=" in operand
File: C:/Users/vadim/GolandProjects/LinkUp_Update/internal/search/service/form.go
Line: 13


2023-05-31 20:38:02: template: search.html:98: unexpected "=" in operand
File: C:/Users/vadim/GolandProjects/LinkUp_Update/internal/search/service/form.go
Line: 13


2023-05-31 20:38:10: template: search.html:98: unexpected "=" in operand
File: C:/Users/vadim/GolandProjects/LinkUp_Update/internal/search/service/form.go
Line: 13


2023-05-31 20:38:26: template: search.html:98:10: executing "search.html" at <.User>: can't evaluate field User in type []service.search
File: C:/Users/vadim/GolandProjects/LinkUp_Update/internal/search/service/form.go
Line: 25


2023-05-31 20:39:21: template: search.html:98: unexpected "!" in operand
File: C:/Users/vadim/GolandProjects/LinkUp_Update/internal/search/service/form.go
Line: 13


2023-05-31 20:40:17: template: search.html:74:5: executing "search.html" at <.User>: can't evaluate field User in type []service.search
File: C:/Users/vadim/GolandProjects/LinkUp_Update/internal/search/service/form.go
Line: 25


2023-05-31 20:40:22: template: search.html:74:5: executing "search.html" at <.User>: can't evaluate field User in type []service.search
File: C:/Users/vadim/GolandProjects/LinkUp_Update/internal/search/service/form.go
Line: 25


2023-05-31 20:40:25: template: search.html:74:5: executing "search.html" at <.User>: can't evaluate field User in type []service.search
File: C:/Users/vadim/GolandProjects/LinkUp_Update/internal/search/service/form.go
Line: 25


2023-05-31 20:40:38: template: search.html:74: unexpected "!" in operand
File: C:/Users/vadim/GolandProjects/LinkUp_Update/internal/search/service/form.go
Line: 13


2023-05-31 20:40:48: template: search.html:74: unexpected "!" in operand
File: C:/Users/vadim/GolandProjects/LinkUp_Update/internal/search/service/form.go
Line: 13


2023-05-31 20:40:57: template: search.html:74: unexpected "!" in operand
File: C:/Users/vadim/GolandProjects/LinkUp_Update/internal/search/service/form.go
Line: 13


2023-05-31 20:41:01: template: search.html:74: unexpected "!" in operand
File: C:/Users/vadim/GolandProjects/LinkUp_Update/internal/search/service/form.go
Line: 13


2023-06-01 10:57:00: ОШИБКА: ошибка синтаксиса (примерное положение: "WHERE") (SQLSTATE 42601)
File: C:/Users/vadim/GolandProjects/LinkUp/internal/profile/service/edit.go
Line: 19


2023-06-01 12:10:55: Cannot redirect with status code 400
File: C:/Users/vadim/GolandProjects/LinkUp/internal/routing/middleware/middleware.go
Line: 29


2023-06-01 12:30:23: runtime error: slice bounds out of range [:25] with length 15
File: C:/Users/vadim/GolandProjects/LinkUp/internal/routing/middleware/middleware.go
Line: 29


2023-06-01 16:30:18: open ./internal/profile/html/profile.html: The system cannot find the file specified.
File: C:/Users/vadim/GolandProjects/LinkUp/internal/profile/service/form.go
Line: 10


2023-06-01 16:30:26: open ./internal/profile/html/profile.html: The system cannot find the file specified.
File: C:/Users/vadim/GolandProjects/LinkUp/internal/profile/service/form.go
Line: 10


2023-06-01 16:41:36: open ./internal/home/html/home_visit.html: The system cannot find the path specified.
File: C:/Users/vadim/GolandProjects/LinkUp/internal/user/home/home_visited.go
Line: 16


2023-06-01 18:13:00: ОШИБКА: неверный синтаксис для типа integer: "delete" (SQLSTATE 22P02)
File: C:/Users/vadim/GolandProjects/LinkUp/internal/friends/service/get_friends.go
Line: 15


2023-06-01 18:15:23: ОШИБКА: неверный синтаксис для типа integer: "delete" (SQLSTATE 22P02)
File: C:/Users/vadim/GolandProjects/LinkUp/internal/friends/service/get_friends.go
Line: 15


2023-06-01 18:16:54: ОШИБКА: неверный синтаксис для типа integer: "delete" (SQLSTATE 22P02)
File: C:/Users/vadim/GolandProjects/LinkUp/internal/friends/service/get_friends.go
Line: 15


2023-06-01 18:17:29: ОШИБКА: неверный синтаксис для типа integer: "delete" (SQLSTATE 22P02)
File: C:/Users/vadim/GolandProjects/LinkUp/internal/friends/service/get_friends.go
Line: 15


2023-06-01 18:18:32: ОШИБКА: неверный синтаксис для типа integer: "delete" (SQLSTATE 22P02)
File: C:/Users/vadim/GolandProjects/LinkUp/internal/friends/service/get_friends.go
Line: 15


2023-06-01 18:21:31: ОШИБКА: неверный синтаксис для типа integer: "delete" (SQLSTATE 22P02)
File: C:/Users/vadim/GolandProjects/LinkUp/internal/friends/service/get_friends.go
Line: 15


2023-06-01 18:21:40: ОШИБКА: неверный синтаксис для типа integer: "delete" (SQLSTATE 22P02)
File: C:/Users/vadim/GolandProjects/LinkUp/internal/friends/service/get_friends.go
Line: 15


2023-06-01 18:47:08: ОШИБКА: ошибка синтаксиса (примерное положение: "WHERE") (SQLSTATE 42601)
File: C:/Users/vadim/GolandProjects/LinkUp/internal/profile/service/edit.go
Line: 19


2023-06-01 18:49:42: ОШИБКА: ошибка синтаксиса (примерное положение: "WHERE") (SQLSTATE 42601)
File: C:/Users/vadim/GolandProjects/LinkUp/internal/profile/service/edit.go
Line: 19


2023-06-01 18:53:20: ОШИБКА: ошибка синтаксиса (примерное положение: "WHERE") (SQLSTATE 42601)
File: C:/Users/vadim/GolandProjects/LinkUp/internal/profile/service/edit.go
Line: 19


2023-06-01 18:54:00: ОШИБКА: ошибка синтаксиса (примерное положение: "WHERE") (SQLSTATE 42601)
File: C:/Users/vadim/GolandProjects/LinkUp/internal/profile/service/edit.go
Line: 19


2023-06-01 18:58:13: ОШИБКА: ошибка синтаксиса (примерное положение: "WHERE") (SQLSTATE 42601)
File: C:/Users/vadim/GolandProjects/LinkUp/internal/profile/service/edit.go
Line: 19


2023-06-01 18:58:34: ОШИБКА: ошибка синтаксиса (примерное положение: "WHERE") (SQLSTATE 42601)
File: C:/Users/vadim/GolandProjects/LinkUp/internal/profile/service/edit.go
Line: 19


2023-06-01 18:59:15: ОШИБКА: ошибка синтаксиса (примерное положение: "WHERE") (SQLSTATE 42601)
File: C:/Users/vadim/GolandProjects/LinkUp/internal/profile/service/edit.go
Line: 19


2023-06-01 19:02:32: ОШИБКА: ошибка синтаксиса (примерное положение: "WHERE") (SQLSTATE 42601)
File: C:/Users/vadim/GolandProjects/LinkUp/internal/profile/service/edit.go
Line: 19


2023-06-01 19:09:57: ОШИБКА: ошибка синтаксиса (примерное положение: "WHERE") (SQLSTATE 42601)
File: C:/Users/vadim/GolandProjects/LinkUp/internal/profile/service/edit.go
Line: 19


2023-06-01 19:10:41: ОШИБКА: ошибка синтаксиса (примерное положение: "WHERE") (SQLSTATE 42601)
File: C:/Users/vadim/GolandProjects/LinkUp/internal/profile/service/edit.go
Line: 19


2023-06-01 19:11:39: ОШИБКА: ошибка синтаксиса (примерное положение: "WHERE") (SQLSTATE 42601)
File: C:/Users/vadim/GolandProjects/LinkUp/internal/profile/service/edit.go
Line: 19


2023-06-01 19:13:27: Cannot redirect with status code 200
File: C:/Users/vadim/GolandProjects/LinkUp/internal/profile/edit.go
Line: 19


2023-06-01 19:39:16: template: profile.html:122:38: executing "profile.html" at <.EditMode>: can't evaluate field EditMode in type *service.getUserData
File: C:/Users/vadim/GolandProjects/LinkUp/internal/profile/service/form.go
Line: 16


2023-06-01 19:40:40: template: profile.html:122:38: executing "profile.html" at <.EditMode>: can't evaluate field EditMode in type *service.getUserData
File: C:/Users/vadim/GolandProjects/LinkUp/internal/profile/service/form.go
Line: 16


2023-06-01 19:42:40: template: profile.html:122:39: executing "profile.html" at <.EditMode>: can't evaluate field EditMode in type *service.getUserData
File: C:/Users/vadim/GolandProjects/LinkUp/internal/profile/service/form.go
Line: 16


2023-06-01 19:46:28: template: profile.html:122:39: executing "profile.html" at <.EditMode>: can't evaluate field EditMode in type *service.getUserData
File: C:/Users/vadim/GolandProjects/LinkUp/internal/profile/service/form.go
Line: 16


2023-06-01 19:47:42: template: profile.html:122:39: executing "profile.html" at <.EditMode>: can't evaluate field EditMode in type *service.getUserData
File: C:/Users/vadim/GolandProjects/LinkUp/internal/profile/service/form.go
Line: 16


2023-06-01 20:31:07: write tcp 127.0.0.1:7878->127.0.0.1:52095: i/o timeout
File: C:/Users/vadim/GolandProjects/LinkUp/internal/search/service/form.go
Line: 25


2023-06-01 20:32:11: write tcp 127.0.0.1:7878->127.0.0.1:62210: i/o timeout
File: C:/Users/vadim/GolandProjects/LinkUp/internal/search/service/form.go
Line: 25


2023-06-01 20:34:11: write tcp 127.0.0.1:7878->127.0.0.1:52604: i/o timeout
File: C:/Users/vadim/GolandProjects/LinkUp/internal/search/service/form.go
Line: 25


2023-06-01 20:35:31: write tcp 127.0.0.1:7878->127.0.0.1:52620: i/o timeout
File: C:/Users/vadim/GolandProjects/LinkUp/internal/search/service/form.go
Line: 25


2023-06-01 21:07:19: write tcp 127.0.0.1:7878->127.0.0.1:62544: i/o timeout
File: C:/Users/vadim/GolandProjects/LinkUp/internal/search/service/form.go
Line: 25


2023-06-01 21:08:39: write tcp 127.0.0.1:7878->127.0.0.1:62564: i/o timeout
File: C:/Users/vadim/GolandProjects/LinkUp/internal/search/service/form.go
Line: 25


2023-06-01 21:10:18: write tcp 127.0.0.1:7878->127.0.0.1:62591: i/o timeout
File: C:/Users/vadim/GolandProjects/LinkUp/internal/search/service/form.go
Line: 25


2023-06-01 21:21:08: invalid character 'd' looking for beginning of value
File: C:/Users/vadim/GolandProjects/LinkUp/internal/search/service/search.go
Line: 14


2023-06-01 21:21:15: invalid character 'd' looking for beginning of value
File: C:/Users/vadim/GolandProjects/LinkUp/internal/search/service/search.go
Line: 14


2023-06-01 21:36:05: template: search.html:84:5: executing "search.html" at <.Results>: can't evaluate field Results in type []service.search
File: C:/Users/vadim/GolandProjects/LinkUp/internal/search/service/form.go
Line: 25


2023-06-01 21:36:08: template: search.html:84:5: executing "search.html" at <.Results>: can't evaluate field Results in type []service.search
File: C:/Users/vadim/GolandProjects/LinkUp/internal/search/service/form.go
Line: 25


2023-06-01 21:36:10: template: search.html:84:5: executing "search.html" at <.Results>: can't evaluate field Results in type []service.search
File: C:/Users/vadim/GolandProjects/LinkUp/internal/search/service/form.go
Line: 25


2023-06-01 21:36:12: template: search.html:84:5: executing "search.html" at <.Results>: can't evaluate field Results in type []service.search
File: C:/Users/vadim/GolandProjects/LinkUp/internal/search/service/form.go
Line: 25


2023-06-01 21:36:15: template: search.html:84:5: executing "search.html" at <.Results>: can't evaluate field Results in type []service.search
File: C:/Users/vadim/GolandProjects/LinkUp/internal/search/service/form.go
Line: 25


2023-06-01 21:38:22: template: search.html:109:5: executing "search.html" at <.ErrorMessage>: can't evaluate field ErrorMessage in type []service.search
File: C:/Users/vadim/GolandProjects/LinkUp/internal/search/service/form.go
Line: 25


2023-06-01 21:38:25: template: search.html:109:5: executing "search.html" at <.ErrorMessage>: can't evaluate field ErrorMessage in type []service.search
File: C:/Users/vadim/GolandProjects/LinkUp/internal/search/service/form.go
Line: 25


2023-06-01 21:38:31: template: search.html:109:5: executing "search.html" at <.ErrorMessage>: can't evaluate field ErrorMessage in type []service.search
File: C:/Users/vadim/GolandProjects/LinkUp/internal/search/service/form.go
Line: 25


2023-06-01 21:39:44: template: search.html:109:5: executing "search.html" at <.Error>: can't evaluate field Error in type []service.search
File: C:/Users/vadim/GolandProjects/LinkUp/internal/search/service/form.go
Line: 25


2023-06-01 21:39:50: template: search.html:109:5: executing "search.html" at <.Error>: can't evaluate field Error in type []service.search
File: C:/Users/vadim/GolandProjects/LinkUp/internal/search/service/form.go
Line: 25


2023-06-01 21:39:52: template: search.html:109:5: executing "search.html" at <.Error>: can't evaluate field Error in type []service.search
File: C:/Users/vadim/GolandProjects/LinkUp/internal/search/service/form.go
Line: 25


2023-06-01 21:39:55: template: search.html:109:5: executing "search.html" at <.Error>: can't evaluate field Error in type []service.search
File: C:/Users/vadim/GolandProjects/LinkUp/internal/search/service/form.go
Line: 25


2023-06-01 21:39:58: template: search.html:109:5: executing "search.html" at <.Error>: can't evaluate field Error in type []service.search
File: C:/Users/vadim/GolandProjects/LinkUp/internal/search/service/form.go
Line: 25


2023-06-01 21:40:22: template: search.html:109:5: executing "search.html" at <.Error>: can't evaluate field Error in type []service.search
File: C:/Users/vadim/GolandProjects/LinkUp/internal/search/service/form.go
Line: 25


2023-06-01 21:40:24: template: search.html:109:5: executing "search.html" at <.Error>: can't evaluate field Error in type []service.search
File: C:/Users/vadim/GolandProjects/LinkUp/internal/search/service/form.go
Line: 25


2023-06-01 21:41:42: template: search.html:109:5: executing "search.html" at <.Error>: can't evaluate field Error in type []service.search
File: C:/Users/vadim/GolandProjects/LinkUp/internal/search/service/form.go
Line: 25


2023-06-01 21:44:20: template: search.html:109:5: executing "search.html" at <.ErrorMessage>: can't evaluate field ErrorMessage in type []service.search
File: C:/Users/vadim/GolandProjects/LinkUp/internal/search/service/form.go
Line: 25


2023-06-01 21:46:44: template: search.html:109: unexpected "(" in operand
File: C:/Users/vadim/GolandProjects/LinkUp/internal/search/service/form.go
Line: 13


2023-06-01 21:47:35: template: search.html:109:9: executing "search.html" at <len .>: error calling len: reflect: call of reflect.Value.Type on zero Value
File: C:/Users/vadim/GolandProjects/LinkUp/internal/search/service/form.go
Line: 25


2023-06-01 21:47:43: template: search.html:109:9: executing "search.html" at <len .>: error calling len: reflect: call of reflect.Value.Type on zero Value
File: C:/Users/vadim/GolandProjects/LinkUp/internal/search/service/form.go
Line: 25


2023-06-01 21:47:45: template: search.html:109:9: executing "search.html" at <len .>: error calling len: reflect: call of reflect.Value.Type on zero Value
File: C:/Users/vadim/GolandProjects/LinkUp/internal/search/service/form.go
Line: 25


2023-06-01 21:50:06: template: search.html:114: unexpected "<" in command
File: C:/Users/vadim/GolandProjects/LinkUp/internal/search/service/form.go
Line: 13


2023-06-01 21:50:20: template: search.html:111: missing value for command
File: C:/Users/vadim/GolandProjects/LinkUp/internal/search/service/form.go
Line: 13


2023-06-01 21:50:35: template: search.html:121: unexpected EOF
File: C:/Users/vadim/GolandProjects/LinkUp/internal/search/service/form.go
Line: 13


2023-06-01 21:51:12: template: search.html:109: unexpected "(" in operand
File: C:/Users/vadim/GolandProjects/LinkUp/internal/search/service/form.go
Line: 13


2023-06-01 21:51:39: template: search.html:109:9: executing "search.html" at <len .>: error calling len: reflect: call of reflect.Value.Type on zero Value
File: C:/Users/vadim/GolandProjects/LinkUp/internal/search/service/form.go
Line: 25


2023-06-01 21:51:52: template: search.html:109:9: executing "search.html" at <len .>: error calling len: reflect: call of reflect.Value.Type on zero Value
File: C:/Users/vadim/GolandProjects/LinkUp/internal/search/service/form.go
Line: 25


2023-06-01 21:52:01: template: search.html:109:9: executing "search.html" at <len .>: error calling len: reflect: call of reflect.Value.Type on zero Value
File: C:/Users/vadim/GolandProjects/LinkUp/internal/search/service/form.go
Line: 25


2023-06-02 10:57:20: template: search.html:109:9: executing "search.html" at <len .>: error calling len: reflect: call of reflect.Value.Type on zero Value
File: C:/Users/vadim/GolandProjects/LinkUp/internal/search/service/form.go
Line: 25


2023-06-02 10:57:48: template: search.html:122: unexpected EOF
File: C:/Users/vadim/GolandProjects/LinkUp/internal/search/service/form.go
Line: 13


2023-06-02 10:58:02: template: search.html:121: unexpected EOF
File: C:/Users/vadim/GolandProjects/LinkUp/internal/search/service/form.go
Line: 13


2023-06-02 10:59:45: template: search.html:122: unexpected EOF
File: C:/Users/vadim/GolandProjects/LinkUp/internal/search/service/form.go
Line: 13


2023-06-02 11:08:29: template: search.html:116: expected end; found {{else}}
File: C:/Users/vadim/GolandProjects/LinkUp/internal/search/service/form.go
Line: 13


2023-06-02 11:08:52: template: search.html:117: unexpected {{else}}
File: C:/Users/vadim/GolandProjects/LinkUp/internal/search/service/form.go
Line: 13


2023-06-02 11:09:11: template: search.html:118: unexpected {{end}}
File: C:/Users/vadim/GolandProjects/LinkUp/internal/search/service/form.go
Line: 13


2023-06-02 11:15:20: ОШИБКА: неверный синтаксис для типа integer: "{.}" (SQLSTATE 22P02)
File: C:/Users/vadim/GolandProjects/LinkUp/internal/friends/service/get_friends.go
Line: 15

